Started GET "/" for ::1 at 2020-08-17 12:32:37 -0700

ActiveRecord::NoDatabaseError - FATAL:  database "my_youtube_development" does not exist
:

Started POST "/__better_errors/578efc124a9fc644/variables" for ::1 at 2020-08-17 12:32:38 -0700
  [1m[35m (169.9ms)[0m  [1m[35mCREATE DATABASE "my_youtube_development" ENCODING = 'unicode'[0m
  ↳ bin/rails:9
  [1m[35m (94.3ms)[0m  [1m[35mCREATE DATABASE "my_youtube_test" ENCODING = 'unicode'[0m
  ↳ bin/rails:9
Started GET "/" for ::1 at 2020-08-17 12:33:51 -0700
Processing by Rails::WelcomeController#index as HTML
  Rendering /Users/adamklimmek/.rbenv/versions/2.5.1/lib/ruby/gems/2.5.0/gems/railties-5.2.4.3/lib/rails/templates/rails/welcome/index.html.erb
  Rendered /Users/adamklimmek/.rbenv/versions/2.5.1/lib/ruby/gems/2.5.0/gems/railties-5.2.4.3/lib/rails/templates/rails/welcome/index.html.erb (3.6ms)
Completed 200 OK in 19ms (Views: 13.4ms | ActiveRecord: 0.0ms)


Started GET "/" for ::1 at 2020-08-17 12:34:31 -0700
Processing by Rails::WelcomeController#index as HTML
  Rendering /Users/adamklimmek/.rbenv/versions/2.5.1/lib/ruby/gems/2.5.0/gems/railties-5.2.4.3/lib/rails/templates/rails/welcome/index.html.erb
  Rendered /Users/adamklimmek/.rbenv/versions/2.5.1/lib/ruby/gems/2.5.0/gems/railties-5.2.4.3/lib/rails/templates/rails/welcome/index.html.erb (9.3ms)
Completed 200 OK in 20ms (Views: 15.0ms | ActiveRecord: 0.0ms)


Started GET "/" for ::1 at 2020-08-17 12:51:06 -0700
Processing by Rails::WelcomeController#index as HTML
  Rendering /Users/adamklimmek/.rbenv/versions/2.5.1/lib/ruby/gems/2.5.0/gems/railties-5.2.4.3/lib/rails/templates/rails/welcome/index.html.erb
  Rendered /Users/adamklimmek/.rbenv/versions/2.5.1/lib/ruby/gems/2.5.0/gems/railties-5.2.4.3/lib/rails/templates/rails/welcome/index.html.erb (2.0ms)
Completed 200 OK in 10ms (Views: 5.8ms | ActiveRecord: 0.0ms)


